0 info it worked if it ends with ok
1 verbose cli [ 'node', '/usr/local/bin/npm', 'run-script', 'devServer' ]
2 info using npm@2.0.0
3 info using node@v0.10.32
4 verbose node symlink /usr/local/bin/node
5 verbose run-script [ 'predevServer', 'devServer', 'postdevServer' ]
6 info predevServer prx.org-frontend@0.0.1
7 info devServer prx.org-frontend@0.0.1
8 verbose unsafe-perm in lifecycle true
9 info prx.org-frontend@0.0.1 Failed to exec devServer script
10 verbose stack Error: prx.org-frontend@0.0.1 devServer: `npm install --quiet && apiServer=https://hal.prx.org/api/v1 gulp`
10 verbose stack Exit status 8
10 verbose stack     at ChildProcess.<anonymous> (/usr/local/lib/node_modules/npm/lib/utils/lifecycle.js:212:16)
10 verbose stack     at ChildProcess.emit (events.js:98:17)
10 verbose stack     at maybeClose (child_process.js:756:16)
10 verbose stack     at Process.ChildProcess._handle.onexit (child_process.js:823:5)
11 verbose pkgid prx.org-frontend@0.0.1
12 verbose cwd /Users/farski/PRX/Repositories/prx4-fe
13 error Darwin 14.0.0
14 error argv "node" "/usr/local/bin/npm" "run-script" "devServer"
15 error node v0.10.32
16 error npm  v2.0.0
17 error code ELIFECYCLE
18 error prx.org-frontend@0.0.1 devServer: `npm install --quiet && apiServer=https://hal.prx.org/api/v1 gulp`
18 error Exit status 8
19 error Failed at the prx.org-frontend@0.0.1 devServer script.
19 error This is most likely a problem with the prx.org-frontend package,
19 error not with npm itself.
19 error Tell the author that this fails on your system:
19 error     npm install --quiet && apiServer=https://hal.prx.org/api/v1 gulp
19 error You can get their info via:
19 error     npm owner ls prx.org-frontend
19 error There is likely additional logging output above.
20 verbose exit [ 1, true ]
